<?xml version="1.0" encoding="UTF-8"?>
<testng-results ignored="0" total="2" passed="2" failed="0" skipped="0">
  <reporter-output>
  </reporter-output>
  <suite started-at="2023-05-09T21:34:44 BRT" name="OpencartSuite" finished-at="2023-05-09T21:35:01 BRT" duration-ms="17683">
    <groups>
      <group name="Master">
        <method signature="TC_001_AccountRegitrationTest.test_account_registration()[pri:0, instance:testCases.TC_001_AccountRegitrationTest@17f62e33]" name="test_account_registration" class="testCases.TC_001_AccountRegitrationTest"/>
        <method signature="TC_002_LoginTest.test_login()[pri:0, instance:testCases.TC_002_LoginTest@543295b0]" name="test_login" class="testCases.TC_002_LoginTest"/>
      </group> <!-- Master -->
      <group name="Sanity">
        <method signature="TC_002_LoginTest.test_login()[pri:0, instance:testCases.TC_002_LoginTest@543295b0]" name="test_login" class="testCases.TC_002_LoginTest"/>
      </group> <!-- Sanity -->
      <group name="Regression">
        <method signature="TC_001_AccountRegitrationTest.test_account_registration()[pri:0, instance:testCases.TC_001_AccountRegitrationTest@17f62e33]" name="test_account_registration" class="testCases.TC_001_AccountRegitrationTest"/>
      </group> <!-- Regression -->
    </groups>
    <test started-at="2023-05-09T21:34:44 BRT" name="OpencartTest" finished-at="2023-05-09T21:35:01 BRT" duration-ms="17683">
      <class name="testCases.TC_002_LoginTest">
        <test-method is-config="true" signature="setup(java.lang.String)[pri:0, instance:testCases.TC_002_LoginTest@543295b0]" started-at="2023-05-09T21:34:54 BRT" name="setup" finished-at="2023-05-09T21:34:59 BRT" duration-ms="4977" status="PASS">
          <params>
            <param index="0">
              <value>
                <![CDATA[chrome]]>
              </value>
            </param>
          </params>
          <reporter-output>
          </reporter-output>
        </test-method> <!-- setup -->
        <test-method signature="test_login()[pri:0, instance:testCases.TC_002_LoginTest@543295b0]" started-at="2023-05-09T21:34:59 BRT" name="test_login" finished-at="2023-05-09T21:35:01 BRT" duration-ms="1794" status="PASS">
          <reporter-output>
          </reporter-output>
        </test-method> <!-- test_login -->
        <test-method is-config="true" signature="tearDown()[pri:0, instance:testCases.TC_002_LoginTest@543295b0]" started-at="2023-05-09T21:35:01 BRT" name="tearDown" finished-at="2023-05-09T21:35:01 BRT" duration-ms="245" status="PASS">
          <reporter-output>
          </reporter-output>
        </test-method> <!-- tearDown -->
      </class> <!-- testCases.TC_002_LoginTest -->
      <class name="testCases.TC_001_AccountRegitrationTest">
        <test-method is-config="true" signature="setup(java.lang.String)[pri:0, instance:testCases.TC_001_AccountRegitrationTest@17f62e33]" started-at="2023-05-09T21:34:44 BRT" name="setup" finished-at="2023-05-09T21:34:52 BRT" duration-ms="7302" status="PASS">
          <params>
            <param index="0">
              <value>
                <![CDATA[chrome]]>
              </value>
            </param>
          </params>
          <reporter-output>
          </reporter-output>
        </test-method> <!-- setup -->
        <test-method signature="test_account_registration()[pri:0, instance:testCases.TC_001_AccountRegitrationTest@17f62e33]" started-at="2023-05-09T21:34:52 BRT" name="test_account_registration" finished-at="2023-05-09T21:34:54 BRT" duration-ms="2587" status="PASS">
          <reporter-output>
          </reporter-output>
        </test-method> <!-- test_account_registration -->
        <test-method is-config="true" signature="tearDown()[pri:0, instance:testCases.TC_001_AccountRegitrationTest@17f62e33]" started-at="2023-05-09T21:34:54 BRT" name="tearDown" finished-at="2023-05-09T21:34:54 BRT" duration-ms="252" status="PASS">
          <reporter-output>
          </reporter-output>
        </test-method> <!-- tearDown -->
      </class> <!-- testCases.TC_001_AccountRegitrationTest -->
    </test> <!-- OpencartTest -->
  </suite> <!-- OpencartSuite -->
</testng-results>
