<?xml version="1.0" encoding="UTF-8"?>
<testng-results ignored="0" total="2" passed="2" failed="0" skipped="0">
  <reporter-output>
  </reporter-output>
  <suite started-at="2023-05-09T20:33:08 BRT" name="OpencartSuite" finished-at="2023-05-09T20:33:24 BRT" duration-ms="16362">
    <groups>
      <group name="Master">
        <method signature="TC_001_AccountRegitrationTest.test_account_registration()[pri:0, instance:testCases.TC_001_AccountRegitrationTest@63376bed]" name="test_account_registration" class="testCases.TC_001_AccountRegitrationTest"/>
        <method signature="TC_002_LoginTest.test_login()[pri:0, instance:testCases.TC_002_LoginTest@2ddc9a9f]" name="test_login" class="testCases.TC_002_LoginTest"/>
      </group> <!-- Master -->
      <group name="Sanity">
        <method signature="TC_002_LoginTest.test_login()[pri:0, instance:testCases.TC_002_LoginTest@2ddc9a9f]" name="test_login" class="testCases.TC_002_LoginTest"/>
      </group> <!-- Sanity -->
      <group name="Regression">
        <method signature="TC_001_AccountRegitrationTest.test_account_registration()[pri:0, instance:testCases.TC_001_AccountRegitrationTest@63376bed]" name="test_account_registration" class="testCases.TC_001_AccountRegitrationTest"/>
      </group> <!-- Regression -->
    </groups>
    <test started-at="2023-05-09T20:33:08 BRT" name="OpencartTest" finished-at="2023-05-09T20:33:24 BRT" duration-ms="16362">
      <class name="testCases.TC_002_LoginTest">
        <test-method is-config="true" signature="setup(java.lang.String)[pri:0, instance:testCases.TC_002_LoginTest@2ddc9a9f]" started-at="2023-05-09T20:33:18 BRT" name="setup" finished-at="2023-05-09T20:33:22 BRT" duration-ms="4696" status="PASS">
          <params>
            <param index="0">
              <value>
                <![CDATA[chrome]]>
              </value>
            </param>
          </params>
          <reporter-output>
          </reporter-output>
        </test-method> <!-- setup -->
        <test-method signature="test_login()[pri:0, instance:testCases.TC_002_LoginTest@2ddc9a9f]" started-at="2023-05-09T20:33:22 BRT" name="test_login" finished-at="2023-05-09T20:33:24 BRT" duration-ms="1725" status="PASS">
          <reporter-output>
          </reporter-output>
        </test-method> <!-- test_login -->
        <test-method is-config="true" signature="tearDown()[pri:0, instance:testCases.TC_002_LoginTest@2ddc9a9f]" started-at="2023-05-09T20:33:24 BRT" name="tearDown" finished-at="2023-05-09T20:33:24 BRT" duration-ms="206" status="PASS">
          <reporter-output>
          </reporter-output>
        </test-method> <!-- tearDown -->
      </class> <!-- testCases.TC_002_LoginTest -->
      <class name="testCases.TC_001_AccountRegitrationTest">
        <test-method is-config="true" signature="setup(java.lang.String)[pri:0, instance:testCases.TC_001_AccountRegitrationTest@63376bed]" started-at="2023-05-09T20:33:08 BRT" name="setup" finished-at="2023-05-09T20:33:15 BRT" duration-ms="6534" status="PASS">
          <params>
            <param index="0">
              <value>
                <![CDATA[chrome]]>
              </value>
            </param>
          </params>
          <reporter-output>
          </reporter-output>
        </test-method> <!-- setup -->
        <test-method signature="test_account_registration()[pri:0, instance:testCases.TC_001_AccountRegitrationTest@63376bed]" started-at="2023-05-09T20:33:15 BRT" name="test_account_registration" finished-at="2023-05-09T20:33:18 BRT" duration-ms="2701" status="PASS">
          <reporter-output>
          </reporter-output>
        </test-method> <!-- test_account_registration -->
        <test-method is-config="true" signature="tearDown()[pri:0, instance:testCases.TC_001_AccountRegitrationTest@63376bed]" started-at="2023-05-09T20:33:18 BRT" name="tearDown" finished-at="2023-05-09T20:33:18 BRT" duration-ms="196" status="PASS">
          <reporter-output>
          </reporter-output>
        </test-method> <!-- tearDown -->
      </class> <!-- testCases.TC_001_AccountRegitrationTest -->
    </test> <!-- OpencartTest -->
  </suite> <!-- OpencartSuite -->
</testng-results>
